[2024-08-07 22:18:19] [ ERROR] [DaoH2Veterinario:89] Tabla "PACIENTES" no encontrada
Table "PACIENTES" not found; SQL statement:
SELECT * FROM PACIENTES [42102-222]
[2024-08-07 22:18:19] [ ERROR] [DaoH2Veterinario:54] La cantidad de columnas no coincide
Column count does not match; SQL statement:
INSERT INTO VETERINARIOS VALUES(DEFAULT,?,?,?,?,? ) [21002-222]
[2024-08-07 22:19:32] [ INFO ] [DaoH2Veterinario:85] veterninario Veterinario{id=1, numeroLicencia='LIC-0001', nombre='Juan', apellido='Lopez', especialidad='Radiologo'}
[2024-08-07 22:19:32] [ ERROR] [DaoH2Veterinario:54] La cantidad de columnas no coincide
Column count does not match; SQL statement:
INSERT INTO VETERINARIOS VALUES(DEFAULT,?,?,?,?,? ) [21002-222]
[2024-08-07 22:20:04] [ INFO ] [DaoH2Veterinario:85] veterninario Veterinario{id=1, numeroLicencia='LIC-0001', nombre='Juan', apellido='Lopez', especialidad='Radiologo'}
[2024-08-07 22:20:04] [ INFO ] [DaoH2Veterinario:38] veterinario Veterinario{id=2, numeroLicencia='LIC-002', nombre='Moises', apellido='Zapata', especialidad='Cirujano'}
[2024-08-07 22:20:06] [ INFO ] [DaoH2Veterinario:85] veterninario Veterinario{id=1, numeroLicencia='LIC-0001', nombre='Juan', apellido='Lopez', especialidad='Radiologo'}
[2024-08-07 22:20:06] [ INFO ] [DaoH2Veterinario:38] veterinario Veterinario{id=2, numeroLicencia='LIC-002', nombre='Moises', apellido='Zapata', especialidad='Cirujano'}
[2024-08-07 22:21:48] [ INFO ] [DaoH2Veterinario:85] veterninario Veterinario{id=1, numeroLicencia='LIC-0001', nombre='Juan', apellido='Lopez', especialidad='Radiologo'}
[2024-08-07 22:22:10] [ INFO ] [DaoH2Veterinario:38] veterinario Veterinario{id=2, numeroLicencia='LIC-002', nombre='Moises', apellido='Zapata', especialidad='Cirujano'}
[2024-08-07 22:22:16] [ INFO ] [DaoH2Veterinario:85] veterninario Veterinario{id=1, numeroLicencia='LIC-0001', nombre='Juan', apellido='Lopez', especialidad='Radiologo'}
[2024-08-07 22:23:26] [ INFO ] [DaoH2Veterinario:38] veterinario Veterinario{id=2, numeroLicencia='LIC-002', nombre='Moises', apellido='Zapata', especialidad='Cirujano'}
[2024-08-07 22:23:26] [ INFO ] [DaoH2Veterinario:85] veterninario Veterinario{id=1, numeroLicencia='LIC-0001', nombre='Juan', apellido='Lopez', especialidad='Radiologo'}
[2024-08-07 22:23:26] [ INFO ] [DaoH2Veterinario:85] veterninario Veterinario{id=2, numeroLicencia='LIC-002', nombre='Moises', apellido='Zapata', especialidad='Cirujano'}
[2024-08-07 22:31:06] [ INFO ] [DaoEnMemoria:18] veterinario guardado en memoria Veterinario{id=1, numeroLicencia='LIC-003', nombre='Moises', apellido='Zapata', especialidad='Cirujano'}
[2024-08-07 22:31:06] [ INFO ] [DaoEnMemoria:18] veterinario guardado en memoria Veterinario{id=2, numeroLicencia='LIC-002', nombre='Moises', apellido='Zapata', especialidad='Cirujano'}
[2024-08-07 22:31:50] [ INFO ] [DaoH2Veterinario:85] veterninario Veterinario{id=1, numeroLicencia='LIC-0001', nombre='Juan', apellido='Lopez', especialidad='Radiologo'}
[2024-08-07 22:31:50] [ INFO ] [DaoH2Veterinario:38] veterinario Veterinario{id=2, numeroLicencia='LIC-002', nombre='Moises', apellido='Zapata', especialidad='Cirujano'}
